<?xml version="1.0" encoding="UTF-8"?>
<!-- Generated by org.testng.reporters.JUnitXMLReporter -->
<testsuite ignored="0" hostname="DESKTOP-5BL4P1H" failures="0" tests="2" name="Default test" time="26.62" errors="0" timestamp="2025-05-06T00:06:28 IST">
  <testcase classname="com.google.WebAutomation_Interview.testScripts.TA_Practice" name="launch" time="3.533"/>
  <testcase classname="com.google.WebAutomation_Interview.testScripts.TA_Practice" name="dateSelection1_day" time="21.483"/>
</testsuite> <!-- Default test -->
